<?xml version="1.0" encoding="UTF-8"?>
<!-- Generated by org.testng.reporters.JUnitReportReporter -->
<testsuite skipped="0" hostname="mohammeds-mbp.lan" name="com.w2a.testcases.LoginTest" tests="1" failures="0" timestamp="31 Jan 2019 02:14:45 GMT" time="1.176" errors="0">
  <testcase name="loginAsBankManager" time="1.176" classname="com.w2a.testcases.LoginTest"/>
</testsuite> <!-- com.w2a.testcases.LoginTest -->
