<?xml version="1.0" encoding="UTF-8"?>
<!-- Generated by org.testng.reporters.JUnitReportReporter -->
<testsuite skipped="0" hostname="mohammeds-MBP" name="com.w2a.testcases.BankManagerLoginTest" tests="1" failures="0" timestamp="08 Feb 2019 05:15:17 GMT" time="3.630" errors="0">
  <testcase name="loginAsBankManager" time="3.630" classname="com.w2a.testcases.BankManagerLoginTest"/>
</testsuite> <!-- com.w2a.testcases.BankManagerLoginTest -->
