<?xml version="1.0" encoding="UTF-8"?>
<!-- Generated by org.testng.reporters.JUnitReportReporter -->
<testsuite name="runner.RunCuke" tests="1" time="17.148" ignored="0" failures="0" timestamp="26 Feb 2019 08:31:59 GMT" skipped="0" hostname="mohammeds-MBP.fios-router.home" errors="0">
  <testcase name="feature" time="17.148" classname="runner.RunCuke"/>
</testsuite> <!-- runner.RunCuke -->
