<?xml version="1.0" encoding="UTF-8"?>
<!-- Generated by org.testng.reporters.JUnitReportReporter -->
<testsuite skipped="0" hostname="mohammeds-MBP.fios-router.home" name="com.w2a.testcases.BankManagerLoginTest" tests="1" failures="0" timestamp="04 Feb 2019 08:41:33 GMT" time="3.383" errors="0">
  <testcase name="loginAsBankManager" time="3.383" classname="com.w2a.testcases.BankManagerLoginTest"/>
</testsuite> <!-- com.w2a.testcases.BankManagerLoginTest -->
